c:\ant64_shared\hv\opb200_objektorienterad_c++\src-visualstudio\skattjakt\debug\skattjakt.pch
c:\ant64_shared\hv\opb200_objektorienterad_c++\src-visualstudio\skattjakt\debug\vc141.pdb
c:\ant64_shared\hv\opb200_objektorienterad_c++\src-visualstudio\skattjakt\debug\vc141.idb
c:\ant64_shared\hv\opb200_objektorienterad_c++\src-visualstudio\skattjakt\debug\pch.obj
c:\ant64_shared\hv\opb200_objektorienterad_c++\src-visualstudio\skattjakt\debug\robotcontrol_player2.obj
c:\ant64_shared\hv\opb200_objektorienterad_c++\src-visualstudio\skattjakt\debug\world.obj
c:\ant64_shared\hv\opb200_objektorienterad_c++\src-visualstudio\skattjakt\debug\robotstate.obj
c:\ant64_shared\hv\opb200_objektorienterad_c++\src-visualstudio\skattjakt\debug\xamltypeinfo.impl.g.obj
c:\ant64_shared\hv\opb200_objektorienterad_c++\src-visualstudio\skattjakt\debug\app.xaml.obj
c:\ant64_shared\hv\opb200_objektorienterad_c++\src-visualstudio\skattjakt\debug\robotcontrol_player1.obj
c:\ant64_shared\hv\opb200_objektorienterad_c++\src-visualstudio\skattjakt\debug\mainpage.xaml.obj
c:\ant64_shared\hv\opb200_objektorienterad_c++\src-visualstudio\skattjakt\debug\game.obj
c:\ant64_shared\hv\opb200_objektorienterad_c++\src-visualstudio\skattjakt\debug\xamltypeinfo.g.obj
c:\ant64_shared\hv\opb200_objektorienterad_c++\src-visualstudio\skattjakt\debug\skattjakt.tlog\skattjakt.winmd.lastbuild
c:\ant64_shared\hv\opb200_objektorienterad_c++\src-visualstudio\skattjakt\debug\skattjakt\skattjakt.exe
c:\ant64_shared\hv\opb200_objektorienterad_c++\src-visualstudio\skattjakt\debug\skattjakt\skattjakt.ilk
c:\ant64_shared\hv\opb200_objektorienterad_c++\src-visualstudio\skattjakt\debug\skattjakt\skattjakt.pdb
c:\ant64_shared\hv\opb200_objektorienterad_c++\src-visualstudio\skattjakt\debug\skattjakt\microsoft.graphics.canvas.dll
c:\ant64_shared\hv\opb200_objektorienterad_c++\src-visualstudio\skattjakt\debug\skattjakt\microsoft.graphics.canvas.winmd
c:\ant64_shared\hv\opb200_objektorienterad_c++\src-visualstudio\skattjakt\debug\skattjakt\microsoft.graphics.canvas.xml
c:\ant64_shared\hv\opb200_objektorienterad_c++\src-visualstudio\skattjakt\debug\skattjakt\skattjakt.winmd
c:\ant64_shared\hv\opb200_objektorienterad_c++\src-visualstudio\skattjakt\debug\skattjakt\skattjakt.lib
c:\ant64_shared\hv\opb200_objektorienterad_c++\src-visualstudio\skattjakt\debug\skattjakt\skattjakt.exp
c:\ant64_shared\hv\opb200_objektorienterad_c++\src-visualstudio\skattjakt\debug\skattjakt.vcxprojassemblyreference.cache
c:\ant64_shared\hv\opb200_objektorienterad_c++\src-visualstudio\skattjakt\generated files\app.g.h
c:\ant64_shared\hv\opb200_objektorienterad_c++\src-visualstudio\skattjakt\generated files\mainpage.g.h
c:\ant64_shared\hv\opb200_objektorienterad_c++\src-visualstudio\skattjakt\generated files\xamllibmetadataprovider.g.cpp
c:\ant64_shared\hv\opb200_objektorienterad_c++\src-visualstudio\skattjakt\generated files\xamltypeinfo.impl.g.cpp
c:\ant64_shared\hv\opb200_objektorienterad_c++\src-visualstudio\skattjakt\generated files\app.xaml
c:\ant64_shared\hv\opb200_objektorienterad_c++\src-visualstudio\skattjakt\generated files\mainpage.xaml
c:\ant64_shared\hv\opb200_objektorienterad_c++\src-visualstudio\skattjakt\generated files\app.xbf
c:\ant64_shared\hv\opb200_objektorienterad_c++\src-visualstudio\skattjakt\generated files\mainpage.xbf
c:\ant64_shared\hv\opb200_objektorienterad_c++\src-visualstudio\skattjakt\debug\xamlsavestatefile.xml
c:\ant64_shared\hv\opb200_objektorienterad_c++\src-visualstudio\skattjakt\generated files\xamltypeinfo.g.cpp
c:\ant64_shared\hv\opb200_objektorienterad_c++\src-visualstudio\skattjakt\debug\skattjakt.vcxproj.copycomplete
c:\ant64_shared\hv\opb200_objektorienterad_c++\src-visualstudio\skattjakt\debug\skattjakt\app.xbf
c:\ant64_shared\hv\opb200_objektorienterad_c++\src-visualstudio\skattjakt\debug\skattjakt\mainpage.xbf
c:\ant64_shared\hv\opb200_objektorienterad_c++\src-visualstudio\skattjakt\debug\resourcehandlingtask.state
c:\ant64_shared\hv\opb200_objektorienterad_c++\src-visualstudio\skattjakt\debug\skattjakt.vcxproj.generateresource.cache
c:\ant64_shared\hv\opb200_objektorienterad_c++\src-visualstudio\skattjakt\debug\priconfig.xml
c:\ant64_shared\hv\opb200_objektorienterad_c++\src-visualstudio\skattjakt\debug\priconfig.xml.intermediate
c:\ant64_shared\hv\opb200_objektorienterad_c++\src-visualstudio\skattjakt\debug\unfiltered.layout.resfiles
c:\ant64_shared\hv\opb200_objektorienterad_c++\src-visualstudio\skattjakt\debug\unfiltered.layout.resfiles.intermediate
c:\ant64_shared\hv\opb200_objektorienterad_c++\src-visualstudio\skattjakt\debug\filtered.layout.resfiles
c:\ant64_shared\hv\opb200_objektorienterad_c++\src-visualstudio\skattjakt\debug\filtered.layout.resfiles.intermediate
c:\ant64_shared\hv\opb200_objektorienterad_c++\src-visualstudio\skattjakt\debug\excluded.layout.resfiles
c:\ant64_shared\hv\opb200_objektorienterad_c++\src-visualstudio\skattjakt\debug\excluded.layout.resfiles.intermediate
c:\ant64_shared\hv\opb200_objektorienterad_c++\src-visualstudio\skattjakt\debug\resources.resfiles
c:\ant64_shared\hv\opb200_objektorienterad_c++\src-visualstudio\skattjakt\debug\resources.resfiles.intermediate
c:\ant64_shared\hv\opb200_objektorienterad_c++\src-visualstudio\skattjakt\debug\pri.resfiles
c:\ant64_shared\hv\opb200_objektorienterad_c++\src-visualstudio\skattjakt\debug\pri.resfiles.intermediate
c:\ant64_shared\hv\opb200_objektorienterad_c++\src-visualstudio\skattjakt\debug\skattjakt\resources.pri
c:\ant64_shared\hv\opb200_objektorienterad_c++\src-visualstudio\skattjakt\debug\qualifiers.txt
c:\ant64_shared\hv\opb200_objektorienterad_c++\src-visualstudio\skattjakt\debug\qualifiers.txt.intermediate
c:\ant64_shared\hv\opb200_objektorienterad_c++\src-visualstudio\skattjakt\debug\multiplequalifiersperdimensionfound.txt
c:\ant64_shared\hv\opb200_objektorienterad_c++\src-visualstudio\skattjakt\debug\projectarchitectures.txt
c:\ant64_shared\hv\opb200_objektorienterad_c++\src-visualstudio\skattjakt\debug\.winmd_cache\$microsoft.graphics.canvas.winmd_636945752700000000.json
c:\ant64_shared\hv\opb200_objektorienterad_c++\src-visualstudio\skattjakt\debug\skattjakt\appxmanifest.xml
c:\ant64_shared\hv\opb200_objektorienterad_c++\src-visualstudio\skattjakt\debug\skattjakt\skattjakt.build.appxrecipe
c:\ant64_shared\hv\opb200_objektorienterad_c++\src-visualstudio\skattjakt\debug\skattjakt.tlog\cl.command.1.tlog
c:\ant64_shared\hv\opb200_objektorienterad_c++\src-visualstudio\skattjakt\debug\skattjakt.tlog\cl.read.1.tlog
c:\ant64_shared\hv\opb200_objektorienterad_c++\src-visualstudio\skattjakt\debug\skattjakt.tlog\cl.write.1.tlog
c:\ant64_shared\hv\opb200_objektorienterad_c++\src-visualstudio\skattjakt\debug\skattjakt.tlog\link.command.1.tlog
c:\ant64_shared\hv\opb200_objektorienterad_c++\src-visualstudio\skattjakt\debug\skattjakt.tlog\link.read.1.tlog
c:\ant64_shared\hv\opb200_objektorienterad_c++\src-visualstudio\skattjakt\debug\skattjakt.tlog\link.write.1.tlog
c:\ant64_shared\hv\opb200_objektorienterad_c++\src-visualstudio\skattjakt\debug\skattjakt.tlog\skattjakt.read.1u.tlog
c:\ant64_shared\hv\opb200_objektorienterad_c++\src-visualstudio\skattjakt\debug\skattjakt.tlog\skattjakt.write.1u.tlog
c:\ant64_shared\hv\opb200_objektorienterad_c++\src-visualstudio\skattjakt\debug\skattjakt.tlog\xaml.read.1u.tlog
c:\ant64_shared\hv\opb200_objektorienterad_c++\src-visualstudio\skattjakt\generated files\xamlbindinginfo.g.h
c:\ant64_shared\hv\opb200_objektorienterad_c++\src-visualstudio\skattjakt\generated files\xamltypeinfo.g.h
